<?xml version="1.0" encoding="UTF-8"?>
<coverage generated="1566045087">
  <project timestamp="1566045087">
    <file name="/home/dvengroff/Work/hexlet-projects/php-project-lvl2/src/Differ.php">
      <line num="10" type="stmt" count="2"/>
      <line num="11" type="stmt" count="0"/>
      <line num="13" type="stmt" count="2"/>
      <line num="14" type="stmt" count="0"/>
      <line num="17" type="stmt" count="2"/>
      <line num="18" type="stmt" count="2"/>
      <line num="20" type="stmt" count="2"/>
      <line num="21" type="stmt" count="2"/>
      <line num="23" type="stmt" count="2"/>
      <line num="24" type="stmt" count="2"/>
      <line num="26" type="stmt" count="2"/>
      <line num="27" type="stmt" count="2"/>
      <line num="28" type="stmt" count="2"/>
      <line num="29" type="stmt" count="2"/>
      <line num="31" type="stmt" count="2"/>
      <line num="33" type="stmt" count="2"/>
      <line num="34" type="stmt" count="2"/>
      <line num="35" type="stmt" count="2"/>
      <line num="38" type="stmt" count="2"/>
      <metrics loc="39" ncloc="39" classes="0" methods="0" coveredmethods="0" conditionals="0" coveredconditionals="0" statements="19" coveredstatements="17" elements="19" coveredelements="17"/>
    </file>
    <file name="/home/dvengroff/Work/hexlet-projects/php-project-lvl2/src/Parsers.php">
      <line num="9" type="stmt" count="2"/>
      <line num="10" type="stmt" count="2"/>
      <line num="11" type="stmt" count="2"/>
      <line num="12" type="stmt" count="1"/>
      <line num="14" type="stmt" count="1"/>
      <line num="15" type="stmt" count="1"/>
      <line num="16" type="stmt" count="1"/>
      <line num="18" type="stmt" count="1"/>
      <line num="19" type="stmt" count="1"/>
      <line num="21" type="stmt" count="1"/>
      <line num="22" type="stmt" count="1"/>
      <line num="23" type="stmt" count="1"/>
      <line num="26" type="stmt" count="0"/>
      <metrics loc="26" ncloc="26" classes="0" methods="0" coveredmethods="0" conditionals="0" coveredconditionals="0" statements="13" coveredstatements="12" elements="13" coveredelements="12"/>
    </file>
    <file name="/home/dvengroff/Work/hexlet-projects/php-project-lvl2/src/Renderers.php">
      <line num="7" type="stmt" count="2"/>
      <line num="8" type="stmt" count="2"/>
      <line num="10" type="stmt" count="2"/>
      <line num="11" type="stmt" count="2"/>
      <line num="12" type="stmt" count="2"/>
      <line num="13" type="stmt" count="2"/>
      <line num="14" type="stmt" count="2"/>
      <line num="15" type="stmt" count="2"/>
      <line num="16" type="stmt" count="2"/>
      <line num="17" type="stmt" count="2"/>
      <line num="18" type="stmt" count="2"/>
      <line num="19" type="stmt" count="2"/>
      <line num="20" type="stmt" count="2"/>
      <line num="21" type="stmt" count="2"/>
      <line num="22" type="stmt" count="2"/>
      <line num="23" type="stmt" count="2"/>
      <line num="25" type="stmt" count="2"/>
      <line num="26" type="stmt" count="2"/>
      <line num="27" type="stmt" count="2"/>
      <line num="30" type="stmt" count="2"/>
      <line num="31" type="stmt" count="2"/>
      <metrics loc="32" ncloc="32" classes="0" methods="0" coveredmethods="0" conditionals="0" coveredconditionals="0" statements="21" coveredstatements="21" elements="21" coveredelements="21"/>
    </file>
    <metrics files="3" loc="97" ncloc="97" classes="0" methods="0" coveredmethods="0" conditionals="0" coveredconditionals="0" statements="53" coveredstatements="50" elements="53" coveredelements="50"/>
  </project>
</coverage>
